This is pdfTeX, Version 3.14159265-2.6-1.40.20 (MiKTeX 2.9.7050) (preloaded format=pdflatex 2019.7.15)  29 AUG 2019 17:26
entering extended mode
**./MPF290819.tex
(MPF290819.tex
LaTeX2e <2018-12-01>
(/home/mikael/.miktex/texmfs/install/tex/latex/beamer/beamer.cls
Document Class: beamer 2019/07/23 v3.56 A class for typesetting presentations
(/home/mikael/.miktex/texmfs/install/tex/latex/beamer/beamerbasemodes.sty
(/home/mikael/.miktex/texmfs/install/tex/latex/etoolbox/etoolbox.sty
Package: etoolbox 2018/08/19 v2.5f e-TeX tools for LaTeX (JAW)
\etb@tempcnta=\count80
)
\beamer@tempbox=\box27
\beamer@tempcount=\count81
\c@beamerpauses=\count82

(/home/mikael/.miktex/texmfs/install/tex/latex/beamer/beamerbasedecode.sty
\beamer@slideinframe=\count83
\beamer@minimum=\count84
\beamer@decode@box=\box28
)
\beamer@commentbox=\box29
\beamer@modecount=\count85
)
(/home/mikael/.miktex/texmfs/install/tex/generic/oberdiek/ifpdf.sty
Package: ifpdf 2018/09/07 v3.3 Provides the ifpdf switch
)
\headdp=\dimen102
\footheight=\dimen103
\sidebarheight=\dimen104
\beamer@tempdim=\dimen105
\beamer@finalheight=\dimen106
\beamer@animht=\dimen107
\beamer@animdp=\dimen108
\beamer@animwd=\dimen109
\beamer@leftmargin=\dimen110
\beamer@rightmargin=\dimen111
\beamer@leftsidebar=\dimen112
\beamer@rightsidebar=\dimen113
\beamer@boxsize=\dimen114
\beamer@vboxoffset=\dimen115
\beamer@descdefault=\dimen116
\beamer@descriptionwidth=\dimen117
\beamer@lastskip=\skip41
\beamer@areabox=\box30
\beamer@animcurrent=\box31
\beamer@animshowbox=\box32
\beamer@sectionbox=\box33
\beamer@logobox=\box34
\beamer@linebox=\box35
\beamer@sectioncount=\count86
\beamer@subsubsectionmax=\count87
\beamer@subsectionmax=\count88
\beamer@sectionmax=\count89
\beamer@totalheads=\count90
\beamer@headcounter=\count91
\beamer@partstartpage=\count92
\beamer@sectionstartpage=\count93
\beamer@subsectionstartpage=\count94
\beamer@animationtempa=\count95
\beamer@animationtempb=\count96
\beamer@xpos=\count97
\beamer@ypos=\count98
\beamer@ypos@offset=\count99
\beamer@showpartnumber=\count100
\beamer@currentsubsection=\count101
\beamer@coveringdepth=\count102
\beamer@sectionadjust=\count103
\beamer@tocsectionnumber=\count104

(/home/mikael/.miktex/texmfs/install/tex/latex/beamer/beamerbaseoptions.sty
(/home/mikael/.miktex/texmfs/install/tex/latex/graphics/keyval.sty
Package: keyval 2014/10/28 v1.15 key=value parser (DPC)
\KV@toks@=\toks14
))
\beamer@paperwidth=\skip42
\beamer@paperheight=\skip43

(/home/mikael/.miktex/texmfs/install/tex/latex/geometry/geometry.sty
Package: geometry 2018/04/16 v5.8 Page Geometry

(/home/mikael/.miktex/texmfs/install/tex/generic/oberdiek/ifvtex.sty
Package: ifvtex 2016/05/16 v1.6 Detect VTeX and its facilities (HO)
Package ifvtex Info: VTeX not detected.
)
(/home/mikael/.miktex/texmfs/install/tex/generic/ifxetex/ifxetex.sty
Package: ifxetex 2010/09/12 v0.6 Provides ifxetex conditional
)
\Gm@cnth=\count105
\Gm@cntv=\count106
\c@Gm@tempcnt=\count107
\Gm@bindingoffset=\dimen118
\Gm@wd@mp=\dimen119
\Gm@odd@mp=\dimen120
\Gm@even@mp=\dimen121
\Gm@layoutwidth=\dimen122
\Gm@layoutheight=\dimen123
\Gm@layouthoffset=\dimen124
\Gm@layoutvoffset=\dimen125
\Gm@dimlist=\toks15

(/home/mikael/.miktex/texmfs/install/tex/latex/geometry/geometry.cfg))
(/home/mikael/.miktex/texmfs/install/tex/latex/base/size11.clo
File: size11.clo 2018/09/03 v1.4i Standard LaTeX file (size option)
)
(/home/mikael/.miktex/texmfs/install/tex/latex/pgf/basiclayer/pgfcore.sty
(/home/mikael/.miktex/texmfs/install/tex/latex/graphics/graphicx.sty
Package: graphicx 2017/06/01 v1.1a Enhanced LaTeX Graphics (DPC,SPQR)

(/home/mikael/.miktex/texmfs/install/tex/latex/graphics/graphics.sty
Package: graphics 2017/06/25 v1.2c Standard LaTeX Graphics (DPC,SPQR)

(/home/mikael/.miktex/texmfs/install/tex/latex/graphics/trig.sty
Package: trig 2016/01/03 v1.10 sin cos tan (DPC)
)
(/home/mikael/.miktex/texmfs/install/tex/latex/graphics-cfg/graphics.cfg
File: graphics.cfg 2016/06/04 v1.11 sample graphics configuration
)
Package graphics Info: Driver file: pdftex.def on input line 99.

(/home/mikael/.miktex/texmfs/install/tex/latex/graphics-def/pdftex.def
File: pdftex.def 2018/01/08 v1.0l Graphics/color driver for pdftex
))
\Gin@req@height=\dimen126
\Gin@req@width=\dimen127
)
(/home/mikael/.miktex/texmfs/install/tex/latex/pgf/systemlayer/pgfsys.sty
(/home/mikael/.miktex/texmfs/install/tex/latex/pgf/utilities/pgfrcs.sty
(/home/mikael/.miktex/texmfs/install/tex/generic/pgf/utilities/pgfutil-common.t
ex
\pgfutil@everybye=\toks16
\pgfutil@tempdima=\dimen128
\pgfutil@tempdimb=\dimen129

(/home/mikael/.miktex/texmfs/install/tex/generic/pgf/utilities/pgfutil-common-l
ists.tex))
(/home/mikael/.miktex/texmfs/install/tex/generic/pgf/utilities/pgfutil-latex.de
f
\pgfutil@abb=\box36
 (/home/mikael/.miktex/texmfs/install/tex/latex/ms/everyshi.sty
Package: everyshi 2001/05/15 v3.00 EveryShipout Package (MS)
))
(/home/mikael/.miktex/texmfs/install/tex/generic/pgf/utilities/pgfrcs.code.tex
(/home/mikael/.miktex/texmfs/install/tex/generic/pgf/pgf.revision.tex)
Package: pgfrcs 2019/07/12 v3.1.4 (3.1.4)
))
(/home/mikael/.miktex/texmfs/install/tex/generic/pgf/systemlayer/pgfsys.code.te
x
Package: pgfsys 2019/07/12 v3.1.4 (3.1.4)

(/home/mikael/.miktex/texmfs/install/tex/generic/pgf/utilities/pgfkeys.code.tex
\pgfkeys@pathtoks=\toks17
\pgfkeys@temptoks=\toks18

(/home/mikael/.miktex/texmfs/install/tex/generic/pgf/utilities/pgfkeysfiltered.
code.tex
\pgfkeys@tmptoks=\toks19
))
\pgf@x=\dimen130
\pgf@y=\dimen131
\pgf@xa=\dimen132
\pgf@ya=\dimen133
\pgf@xb=\dimen134
\pgf@yb=\dimen135
\pgf@xc=\dimen136
\pgf@yc=\dimen137
\pgf@xd=\dimen138
\pgf@yd=\dimen139
\w@pgf@writea=\write3
\r@pgf@reada=\read1
\c@pgf@counta=\count108
\c@pgf@countb=\count109
\c@pgf@countc=\count110
\c@pgf@countd=\count111
\t@pgf@toka=\toks20
\t@pgf@tokb=\toks21
\t@pgf@tokc=\toks22
\pgf@sys@id@count=\count112

(/home/mikael/.miktex/texmfs/install/tex/generic/pgf/systemlayer/pgf.cfg
File: pgf.cfg 2019/07/12 v3.1.4 (3.1.4)
)
Driver file for pgf: pgfsys-pdftex.def

(/home/mikael/.miktex/texmfs/install/tex/generic/pgf/systemlayer/pgfsys-pdftex.
def
File: pgfsys-pdftex.def 2019/07/12 v3.1.4 (3.1.4)

(/home/mikael/.miktex/texmfs/install/tex/generic/pgf/systemlayer/pgfsys-common-
pdf.def
File: pgfsys-common-pdf.def 2019/07/12 v3.1.4 (3.1.4)
)))
(/home/mikael/.miktex/texmfs/install/tex/generic/pgf/systemlayer/pgfsyssoftpath
.code.tex
File: pgfsyssoftpath.code.tex 2019/07/12 v3.1.4 (3.1.4)
\pgfsyssoftpath@smallbuffer@items=\count113
\pgfsyssoftpath@bigbuffer@items=\count114
)
(/home/mikael/.miktex/texmfs/install/tex/generic/pgf/systemlayer/pgfsysprotocol
.code.tex
File: pgfsysprotocol.code.tex 2019/07/12 v3.1.4 (3.1.4)
)) (/home/mikael/.miktex/texmfs/install/tex/latex/xcolor/xcolor.sty
Package: xcolor 2016/05/11 v2.12 LaTeX color extensions (UK)

(/home/mikael/.miktex/texmfs/install/tex/latex/graphics-cfg/color.cfg
File: color.cfg 2016/01/02 v1.6 sample color configuration
)
Package xcolor Info: Driver file: pdftex.def on input line 225.
Package xcolor Info: Model `cmy' substituted by `cmy0' on input line 1348.
Package xcolor Info: Model `hsb' substituted by `rgb' on input line 1352.
Package xcolor Info: Model `RGB' extended on input line 1364.
Package xcolor Info: Model `HTML' substituted by `rgb' on input line 1366.
Package xcolor Info: Model `Hsb' substituted by `hsb' on input line 1367.
Package xcolor Info: Model `tHsb' substituted by `hsb' on input line 1368.
Package xcolor Info: Model `HSB' substituted by `hsb' on input line 1369.
Package xcolor Info: Model `Gray' substituted by `gray' on input line 1370.
Package xcolor Info: Model `wave' substituted by `hsb' on input line 1371.
)
(/home/mikael/.miktex/texmfs/install/tex/generic/pgf/basiclayer/pgfcore.code.te
x
Package: pgfcore 2019/07/12 v3.1.4 (3.1.4)
 (/home/mikael/.miktex/texmfs/install/tex/generic/pgf/math/pgfmath.code.tex
(/home/mikael/.miktex/texmfs/install/tex/generic/pgf/math/pgfmathcalc.code.tex
(/home/mikael/.miktex/texmfs/install/tex/generic/pgf/math/pgfmathutil.code.tex)

(/home/mikael/.miktex/texmfs/install/tex/generic/pgf/math/pgfmathparser.code.te
x
\pgfmath@dimen=\dimen140
\pgfmath@count=\count115
\pgfmath@box=\box37
\pgfmath@toks=\toks23
\pgfmath@stack@operand=\toks24
\pgfmath@stack@operation=\toks25
)
(/home/mikael/.miktex/texmfs/install/tex/generic/pgf/math/pgfmathfunctions.code
.tex
(/home/mikael/.miktex/texmfs/install/tex/generic/pgf/math/pgfmathfunctions.basi
c.code.tex)
(/home/mikael/.miktex/texmfs/install/tex/generic/pgf/math/pgfmathfunctions.trig
onometric.code.tex)
(/home/mikael/.miktex/texmfs/install/tex/generic/pgf/math/pgfmathfunctions.rand
om.code.tex)
(/home/mikael/.miktex/texmfs/install/tex/generic/pgf/math/pgfmathfunctions.comp
arison.code.tex)
(/home/mikael/.miktex/texmfs/install/tex/generic/pgf/math/pgfmathfunctions.base
.code.tex)
(/home/mikael/.miktex/texmfs/install/tex/generic/pgf/math/pgfmathfunctions.roun
d.code.tex)
(/home/mikael/.miktex/texmfs/install/tex/generic/pgf/math/pgfmathfunctions.misc
.code.tex)
(/home/mikael/.miktex/texmfs/install/tex/generic/pgf/math/pgfmathfunctions.inte
gerarithmetics.code.tex)))
(/home/mikael/.miktex/texmfs/install/tex/generic/pgf/math/pgfmathfloat.code.tex
\c@pgfmathroundto@lastzeros=\count116
)) (/home/mikael/.miktex/texmfs/install/tex/generic/pgf/math/pgfint.code.tex)
(/home/mikael/.miktex/texmfs/install/tex/generic/pgf/basiclayer/pgfcorepoints.c
ode.tex
File: pgfcorepoints.code.tex 2019/07/12 v3.1.4 (3.1.4)
\pgf@picminx=\dimen141
\pgf@picmaxx=\dimen142
\pgf@picminy=\dimen143
\pgf@picmaxy=\dimen144
\pgf@pathminx=\dimen145
\pgf@pathmaxx=\dimen146
\pgf@pathminy=\dimen147
\pgf@pathmaxy=\dimen148
\pgf@xx=\dimen149
\pgf@xy=\dimen150
\pgf@yx=\dimen151
\pgf@yy=\dimen152
\pgf@zx=\dimen153
\pgf@zy=\dimen154
)
(/home/mikael/.miktex/texmfs/install/tex/generic/pgf/basiclayer/pgfcorepathcons
truct.code.tex
File: pgfcorepathconstruct.code.tex 2019/07/12 v3.1.4 (3.1.4)
\pgf@path@lastx=\dimen155
\pgf@path@lasty=\dimen156
)
(/home/mikael/.miktex/texmfs/install/tex/generic/pgf/basiclayer/pgfcorepathusag
e.code.tex
File: pgfcorepathusage.code.tex 2019/07/12 v3.1.4 (3.1.4)
\pgf@shorten@end@additional=\dimen157
\pgf@shorten@start@additional=\dimen158
)
(/home/mikael/.miktex/texmfs/install/tex/generic/pgf/basiclayer/pgfcorescopes.c
ode.tex
File: pgfcorescopes.code.tex 2019/07/12 v3.1.4 (3.1.4)
\pgfpic=\box38
\pgf@hbox=\box39
\pgf@layerbox@main=\box40
\pgf@picture@serial@count=\count117
)
(/home/mikael/.miktex/texmfs/install/tex/generic/pgf/basiclayer/pgfcoregraphics
tate.code.tex
File: pgfcoregraphicstate.code.tex 2019/07/12 v3.1.4 (3.1.4)
\pgflinewidth=\dimen159
)
(/home/mikael/.miktex/texmfs/install/tex/generic/pgf/basiclayer/pgfcoretransfor
mations.code.tex
File: pgfcoretransformations.code.tex 2019/07/12 v3.1.4 (3.1.4)
\pgf@pt@x=\dimen160
\pgf@pt@y=\dimen161
\pgf@pt@temp=\dimen162
)
(/home/mikael/.miktex/texmfs/install/tex/generic/pgf/basiclayer/pgfcorequick.co
de.tex
File: pgfcorequick.code.tex 2019/07/12 v3.1.4 (3.1.4)
)
(/home/mikael/.miktex/texmfs/install/tex/generic/pgf/basiclayer/pgfcoreobjects.
code.tex
File: pgfcoreobjects.code.tex 2019/07/12 v3.1.4 (3.1.4)
)
(/home/mikael/.miktex/texmfs/install/tex/generic/pgf/basiclayer/pgfcorepathproc
essing.code.tex
File: pgfcorepathprocessing.code.tex 2019/07/12 v3.1.4 (3.1.4)
)
(/home/mikael/.miktex/texmfs/install/tex/generic/pgf/basiclayer/pgfcorearrows.c
ode.tex
File: pgfcorearrows.code.tex 2019/07/12 v3.1.4 (3.1.4)
\pgfarrowsep=\dimen163
)
(/home/mikael/.miktex/texmfs/install/tex/generic/pgf/basiclayer/pgfcoreshade.co
de.tex
File: pgfcoreshade.code.tex 2019/07/12 v3.1.4 (3.1.4)
\pgf@max=\dimen164
\pgf@sys@shading@range@num=\count118
\pgf@shadingcount=\count119
)
(/home/mikael/.miktex/texmfs/install/tex/generic/pgf/basiclayer/pgfcoreimage.co
de.tex
File: pgfcoreimage.code.tex 2019/07/12 v3.1.4 (3.1.4)

(/home/mikael/.miktex/texmfs/install/tex/generic/pgf/basiclayer/pgfcoreexternal
.code.tex
File: pgfcoreexternal.code.tex 2019/07/12 v3.1.4 (3.1.4)
\pgfexternal@startupbox=\box41
))
(/home/mikael/.miktex/texmfs/install/tex/generic/pgf/basiclayer/pgfcorelayers.c
ode.tex
File: pgfcorelayers.code.tex 2019/07/12 v3.1.4 (3.1.4)
)
(/home/mikael/.miktex/texmfs/install/tex/generic/pgf/basiclayer/pgfcoretranspar
ency.code.tex
File: pgfcoretransparency.code.tex 2019/07/12 v3.1.4 (3.1.4)
)
(/home/mikael/.miktex/texmfs/install/tex/generic/pgf/basiclayer/pgfcorepatterns
.code.tex
File: pgfcorepatterns.code.tex 2019/07/12 v3.1.4 (3.1.4)
)
(/home/mikael/.miktex/texmfs/install/tex/generic/pgf/basiclayer/pgfcorerdf.code
.tex
File: pgfcorerdf.code.tex 2019/07/12 v3.1.4 (3.1.4)
)))
(/home/mikael/.miktex/texmfs/install/tex/latex/pgf/utilities/xxcolor.sty
Package: xxcolor 2003/10/24 ver 0.1
\XC@nummixins=\count120
\XC@countmixins=\count121
)
(/home/mikael/.miktex/texmfs/install/tex/generic/oberdiek/atbegshi.sty
Package: atbegshi 2016/06/09 v1.18 At begin shipout hook (HO)

(/home/mikael/.miktex/texmfs/install/tex/generic/oberdiek/infwarerr.sty
Package: infwarerr 2016/05/16 v1.4 Providing info/warning/error messages (HO)
)
(/home/mikael/.miktex/texmfs/install/tex/generic/oberdiek/ltxcmds.sty
Package: ltxcmds 2016/05/16 v1.23 LaTeX kernel commands for general use (HO)
))
(/home/mikael/.miktex/texmfs/install/tex/latex/hyperref/hyperref.sty
Package: hyperref 2018/11/30 v6.88e Hypertext links for LaTeX

(/home/mikael/.miktex/texmfs/install/tex/generic/oberdiek/hobsub-hyperref.sty
Package: hobsub-hyperref 2016/05/16 v1.14 Bundle oberdiek, subset hyperref (HO)


(/home/mikael/.miktex/texmfs/install/tex/generic/oberdiek/hobsub-generic.sty
Package: hobsub-generic 2016/05/16 v1.14 Bundle oberdiek, subset generic (HO)
Package: hobsub 2016/05/16 v1.14 Construct package bundles (HO)
Package hobsub Info: Skipping package `infwarerr' (already loaded).
Package hobsub Info: Skipping package `ltxcmds' (already loaded).
Package: ifluatex 2016/05/16 v1.4 Provides the ifluatex switch (HO)
Package ifluatex Info: LuaTeX not detected.
Package hobsub Info: Skipping package `ifvtex' (already loaded).
Package: intcalc 2016/05/16 v1.2 Expandable calculations with integers (HO)
Package hobsub Info: Skipping package `ifpdf' (already loaded).
Package: etexcmds 2016/05/16 v1.6 Avoid name clashes with e-TeX commands (HO)
Package: kvsetkeys 2016/05/16 v1.17 Key value parser (HO)
Package: kvdefinekeys 2016/05/16 v1.4 Define keys (HO)
Package: pdftexcmds 2018/09/10 v0.29 Utility functions of pdfTeX for LuaTeX (HO
)
Package pdftexcmds Info: LuaTeX not detected.
Package pdftexcmds Info: \pdf@primitive is available.
Package pdftexcmds Info: \pdf@ifprimitive is available.
Package pdftexcmds Info: \pdfdraftmode found.
Package: pdfescape 2016/05/16 v1.14 Implements pdfTeX's escape features (HO)
Package: bigintcalc 2016/05/16 v1.4 Expandable calculations on big integers (HO
)
Package: bitset 2016/05/16 v1.2 Handle bit-vector datatype (HO)
Package: uniquecounter 2016/05/16 v1.3 Provide unlimited unique counter (HO)
)
Package hobsub Info: Skipping package `hobsub' (already loaded).
Package: letltxmacro 2016/05/16 v1.5 Let assignment for LaTeX macros (HO)
Package: hopatch 2016/05/16 v1.3 Wrapper for package hooks (HO)
Package: xcolor-patch 2016/05/16 xcolor patch
Package: atveryend 2016/05/16 v1.9 Hooks at the very end of document (HO)
Package hobsub Info: Skipping package `atbegshi' (already loaded).
Package: refcount 2016/05/16 v3.5 Data extraction from label references (HO)
Package: hycolor 2016/05/16 v1.8 Color options for hyperref/bookmark (HO)
)
(/home/mikael/.miktex/texmfs/install/tex/latex/oberdiek/auxhook.sty
Package: auxhook 2016/05/16 v1.4 Hooks for auxiliary files (HO)
)
(/home/mikael/.miktex/texmfs/install/tex/latex/oberdiek/kvoptions.sty
Package: kvoptions 2016/05/16 v3.12 Key value format for package options (HO)
)
\@linkdim=\dimen165
\Hy@linkcounter=\count122
\Hy@pagecounter=\count123

(/home/mikael/.miktex/texmfs/install/tex/latex/hyperref/pd1enc.def
File: pd1enc.def 2018/11/30 v6.88e Hyperref: PDFDocEncoding definition (HO)
Now handling font encoding PD1 ...
... no UTF-8 mapping file for font encoding PD1
)
\Hy@SavedSpaceFactor=\count124

(/home/mikael/.miktex/texmfs/install/tex/latex/00miktex/hyperref.cfg
File: hyperref.cfg 2002/06/06 v1.2 hyperref configuration of TeXLive
)
Package hyperref Info: Option `bookmarks' set `true' on input line 4393.
Package hyperref Info: Option `bookmarksopen' set `true' on input line 4393.
Package hyperref Info: Option `implicit' set `false' on input line 4393.
Package hyperref Info: Hyper figures OFF on input line 4519.
Package hyperref Info: Link nesting OFF on input line 4524.
Package hyperref Info: Hyper index ON on input line 4527.
Package hyperref Info: Plain pages OFF on input line 4534.
Package hyperref Info: Backreferencing OFF on input line 4539.
Package hyperref Info: Implicit mode OFF; no redefinition of LaTeX internals.
Package hyperref Info: Bookmarks ON on input line 4772.
\c@Hy@tempcnt=\count125

(/home/mikael/.miktex/texmfs/install/tex/latex/url/url.sty
\Urlmuskip=\muskip10
Package: url 2013/09/16  ver 3.4  Verb mode for urls, etc.
)
LaTeX Info: Redefining \url on input line 5125.
\XeTeXLinkMargin=\dimen166
\Fld@menulength=\count126
\Field@Width=\dimen167
\Fld@charsize=\dimen168
Package hyperref Info: Hyper figures OFF on input line 6380.
Package hyperref Info: Link nesting OFF on input line 6385.
Package hyperref Info: Hyper index ON on input line 6388.
Package hyperref Info: backreferencing OFF on input line 6395.
Package hyperref Info: Link coloring OFF on input line 6400.
Package hyperref Info: Link coloring with OCG OFF on input line 6405.
Package hyperref Info: PDF/A mode OFF on input line 6410.
LaTeX Info: Redefining \ref on input line 6450.
LaTeX Info: Redefining \pageref on input line 6454.
\Hy@abspage=\count127


Package hyperref Message: Stopped early.

)
Package hyperref Info: Driver (autodetected): hpdftex.
 (/home/mikael/.miktex/texmfs/install/tex/latex/hyperref/hpdftex.def
File: hpdftex.def 2018/11/30 v6.88e Hyperref driver for pdfTeX
\Fld@listcount=\count128
\c@bookmark@seq@number=\count129

(/home/mikael/.miktex/texmfs/install/tex/latex/oberdiek/rerunfilecheck.sty
Package: rerunfilecheck 2016/05/16 v1.8 Rerun checks for auxiliary files (HO)
Package uniquecounter Info: New unique counter `rerunfilecheck' on input line 2
82.
))
(/home/mikael/.miktex/texmfs/install/tex/latex/beamer/beamerbaserequires.sty
(/home/mikael/.miktex/texmfs/install/tex/latex/beamer/beamerbasecompatibility.s
ty) (/home/mikael/.miktex/texmfs/install/tex/latex/beamer/beamerbasefont.sty
(/home/mikael/.miktex/texmfs/install/tex/latex/amsfonts/amssymb.sty
Package: amssymb 2013/01/14 v3.01 AMS font symbols

(/home/mikael/.miktex/texmfs/install/tex/latex/amsfonts/amsfonts.sty
Package: amsfonts 2013/01/14 v3.01 Basic AMSFonts support
\@emptytoks=\toks26
\symAMSa=\mathgroup4
\symAMSb=\mathgroup5
LaTeX Font Info:    Overwriting math alphabet `\mathfrak' in version `bold'
(Font)                  U/euf/m/n --> U/euf/b/n on input line 106.
))
(/home/mikael/.miktex/texmfs/install/tex/latex/sansmathaccent/sansmathaccent.st
y
Package: sansmathaccent 2013/03/28
 (/home/mikael/.miktex/texmfs/install/tex/latex/filehook/filehook.sty
Package: filehook 2019/08/19 v0.5e Hooks for input files
)))
(/home/mikael/.miktex/texmfs/install/tex/latex/beamer/beamerbasetranslator.sty
(/home/mikael/.miktex/texmfs/install/tex/latex/translator/translator.sty
Package: translator 2019-05-31 v1.12a Easy translation of strings in LaTeX
))
(/home/mikael/.miktex/texmfs/install/tex/latex/beamer/beamerbasemisc.sty)
(/home/mikael/.miktex/texmfs/install/tex/latex/beamer/beamerbasetwoscreens.sty)
(/home/mikael/.miktex/texmfs/install/tex/latex/beamer/beamerbaseoverlay.sty
\beamer@argscount=\count130
\beamer@lastskipcover=\skip44
\beamer@trivlistdepth=\count131
)
(/home/mikael/.miktex/texmfs/install/tex/latex/beamer/beamerbasetitle.sty)
(/home/mikael/.miktex/texmfs/install/tex/latex/beamer/beamerbasesection.sty
\c@lecture=\count132
\c@part=\count133
\c@section=\count134
\c@subsection=\count135
\c@subsubsection=\count136
)
(/home/mikael/.miktex/texmfs/install/tex/latex/beamer/beamerbaseframe.sty
\beamer@framebox=\box42
\beamer@frametitlebox=\box43
\beamer@zoombox=\box44
\beamer@zoomcount=\count137
\beamer@zoomframecount=\count138
\beamer@frametextheight=\dimen169
\c@subsectionslide=\count139
\beamer@frametopskip=\skip45
\beamer@framebottomskip=\skip46
\beamer@frametopskipautobreak=\skip47
\beamer@framebottomskipautobreak=\skip48
\beamer@envbody=\toks27
\framewidth=\dimen170
\c@framenumber=\count140
)
(/home/mikael/.miktex/texmfs/install/tex/latex/beamer/beamerbaseverbatim.sty
\beamer@verbatimfileout=\write4
)
(/home/mikael/.miktex/texmfs/install/tex/latex/beamer/beamerbaseframesize.sty
\beamer@splitbox=\box45
\beamer@autobreakcount=\count141
\beamer@autobreaklastheight=\dimen171
\beamer@frametitletoks=\toks28
\beamer@framesubtitletoks=\toks29
)
(/home/mikael/.miktex/texmfs/install/tex/latex/beamer/beamerbaseframecomponents
.sty
\beamer@footins=\box46
) (/home/mikael/.miktex/texmfs/install/tex/latex/beamer/beamerbasecolor.sty) (/
home/mikael/.miktex/texmfs/install/tex/latex/beamer/beamerbasenotes.sty
\beamer@frameboxcopy=\box47
)
(/home/mikael/.miktex/texmfs/install/tex/latex/beamer/beamerbasetoc.sty)
(/home/mikael/.miktex/texmfs/install/tex/latex/beamer/beamerbasetemplates.sty
\beamer@sbttoks=\toks30

(/home/mikael/.miktex/texmfs/install/tex/latex/beamer/beamerbaseauxtemplates.st
y (/home/mikael/.miktex/texmfs/install/tex/latex/beamer/beamerbaseboxes.sty
\bmb@box=\box48
\bmb@colorbox=\box49
\bmb@boxshadow=\box50
\bmb@boxshadowball=\box51
\bmb@boxshadowballlarge=\box52
\bmb@temp=\dimen172
\bmb@dima=\dimen173
\bmb@dimb=\dimen174
\bmb@prevheight=\dimen175
)
\beamer@blockheadheight=\dimen176
))
(/home/mikael/.miktex/texmfs/install/tex/latex/beamer/beamerbaselocalstructure.
sty (/home/mikael/.miktex/texmfs/install/tex/latex/tools/enumerate.sty
Package: enumerate 2015/07/23 v3.00 enumerate extensions (DPC)
\@enLab=\toks31
)
\c@figure=\count142
\c@table=\count143
\abovecaptionskip=\skip49
\belowcaptionskip=\skip50
)
(/home/mikael/.miktex/texmfs/install/tex/latex/beamer/beamerbasenavigation.sty
\beamer@section@min@dim=\dimen177
) (/home/mikael/.miktex/texmfs/install/tex/latex/beamer/beamerbasetheorems.sty
(/home/mikael/.miktex/texmfs/install/tex/latex/amsmath/amsmath.sty
Package: amsmath 2018/12/01 v2.17b AMS math features
\@mathmargin=\skip51

For additional information on amsmath, use the `?' option.
(/home/mikael/.miktex/texmfs/install/tex/latex/amsmath/amstext.sty
Package: amstext 2000/06/29 v2.01 AMS text

(/home/mikael/.miktex/texmfs/install/tex/latex/amsmath/amsgen.sty
File: amsgen.sty 1999/11/30 v2.0 generic functions
\@emptytoks=\toks32
\ex@=\dimen178
))
(/home/mikael/.miktex/texmfs/install/tex/latex/amsmath/amsbsy.sty
Package: amsbsy 1999/11/29 v1.2d Bold Symbols
\pmbraise@=\dimen179
)
(/home/mikael/.miktex/texmfs/install/tex/latex/amsmath/amsopn.sty
Package: amsopn 2016/03/08 v2.02 operator names
)
\inf@bad=\count144
LaTeX Info: Redefining \frac on input line 223.
\uproot@=\count145
\leftroot@=\count146
LaTeX Info: Redefining \overline on input line 385.
\classnum@=\count147
\DOTSCASE@=\count148
LaTeX Info: Redefining \ldots on input line 482.
LaTeX Info: Redefining \dots on input line 485.
LaTeX Info: Redefining \cdots on input line 606.
\Mathstrutbox@=\box53
\strutbox@=\box54
\big@size=\dimen180
LaTeX Font Info:    Redeclaring font encoding OML on input line 729.
LaTeX Font Info:    Redeclaring font encoding OMS on input line 730.
\macc@depth=\count149
\c@MaxMatrixCols=\count150
\dotsspace@=\muskip11
\c@parentequation=\count151
\dspbrk@lvl=\count152
\tag@help=\toks33
\row@=\count153
\column@=\count154
\maxfields@=\count155
\andhelp@=\toks34
\eqnshift@=\dimen181
\alignsep@=\dimen182
\tagshift@=\dimen183
\tagwidth@=\dimen184
\totwidth@=\dimen185
\lineht@=\dimen186
\@envbody=\toks35
\multlinegap=\skip52
\multlinetaggap=\skip53
\mathdisplay@stack=\toks36
LaTeX Info: Redefining \[ on input line 2844.
LaTeX Info: Redefining \] on input line 2845.
)
(/home/mikael/.miktex/texmfs/install/tex/latex/amscls/amsthm.sty
Package: amsthm 2017/10/31 v2.20.4
\thm@style=\toks37
\thm@bodyfont=\toks38
\thm@headfont=\toks39
\thm@notefont=\toks40
\thm@headpunct=\toks41
\thm@preskip=\skip54
\thm@postskip=\skip55
\thm@headsep=\skip56
\dth@everypar=\toks42
)
\c@theorem=\count156
)
(/home/mikael/.miktex/texmfs/install/tex/latex/beamer/beamerbasethemes.sty))
(/home/mikael/.miktex/texmfs/install/tex/latex/beamer/beamerthemedefault.sty
(/home/mikael/.miktex/texmfs/install/tex/latex/beamer/beamerfontthemedefault.st
y)
(/home/mikael/.miktex/texmfs/install/tex/latex/beamer/beamercolorthemedefault.s
ty)
(/home/mikael/.miktex/texmfs/install/tex/latex/beamer/beamerinnerthemedefault.s
ty
\beamer@dima=\dimen187
\beamer@dimb=\dimen188
)
(/home/mikael/.miktex/texmfs/install/tex/latex/beamer/beamerouterthemedefault.s
ty))) (/home/mikael/.miktex/texmfs/install/tex/latex/base/inputenc.sty
Package: inputenc 2018/08/11 v1.3c Input encoding file
\inpenc@prehook=\toks43
\inpenc@posthook=\toks44
)
(MPF290819.aux)
\openout1 = `MPF290819.aux'.

LaTeX Font Info:    Checking defaults for OML/cmm/m/it on input line 14.
LaTeX Font Info:    ... okay on input line 14.
LaTeX Font Info:    Checking defaults for T1/cmr/m/n on input line 14.
LaTeX Font Info:    ... okay on input line 14.
LaTeX Font Info:    Checking defaults for OT1/cmr/m/n on input line 14.
LaTeX Font Info:    ... okay on input line 14.
LaTeX Font Info:    Checking defaults for OMS/cmsy/m/n on input line 14.
LaTeX Font Info:    ... okay on input line 14.
LaTeX Font Info:    Checking defaults for OMX/cmex/m/n on input line 14.
LaTeX Font Info:    ... okay on input line 14.
LaTeX Font Info:    Checking defaults for U/cmr/m/n on input line 14.
LaTeX Font Info:    ... okay on input line 14.
LaTeX Font Info:    Checking defaults for PD1/pdf/m/n on input line 14.
LaTeX Font Info:    ... okay on input line 14.

*geometry* driver: auto-detecting
*geometry* detected driver: pdftex
*geometry* verbose mode - [ preamble ] result:
* driver: pdftex
* paper: custom
* layout: <same size as paper>
* layoutoffset:(h,v)=(0.0pt,0.0pt)
* modes: includehead includefoot 
* h-part:(L,W,R)=(28.45274pt, 307.28987pt, 28.45274pt)
* v-part:(T,H,B)=(0.0pt, 273.14662pt, 0.0pt)
* \paperwidth=364.19536pt
* \paperheight=273.14662pt
* \textwidth=307.28987pt
* \textheight=244.6939pt
* \oddsidemargin=-43.81725pt
* \evensidemargin=-43.81725pt
* \topmargin=-72.26999pt
* \headheight=14.22636pt
* \headsep=0.0pt
* \topskip=11.0pt
* \footskip=14.22636pt
* \marginparwidth=4.0pt
* \marginparsep=10.0pt
* \columnsep=10.0pt
* \skip\footins=10.0pt plus 4.0pt minus 2.0pt
* \hoffset=0.0pt
* \voffset=0.0pt
* \mag=1000
* \@twocolumnfalse
* \@twosidefalse
* \@mparswitchfalse
* \@reversemarginfalse
* (1in=72.27pt=25.4mm, 1cm=28.453pt)

(/home/mikael/.miktex/texmfs/install/tex/context/base/mkii/supp-pdf.mkii
[Loading MPS to PDF converter (version 2006.09.02).]
\scratchcounter=\count157
\scratchdimen=\dimen189
\scratchbox=\box55
\nofMPsegments=\count158
\nofMParguments=\count159
\everyMPshowfont=\toks45
\MPscratchCnt=\count160
\MPscratchDim=\dimen190
\MPnumerator=\count161
\makeMPintoPDFobject=\count162
\everyMPtoPDFconversion=\toks46
) (/home/mikael/.miktex/texmfs/install/tex/latex/oberdiek/epstopdf-base.sty
Package: epstopdf-base 2016/05/15 v2.6 Base part for package epstopdf

(/home/mikael/.miktex/texmfs/install/tex/latex/oberdiek/grfext.sty
Package: grfext 2016/05/16 v1.2 Manage graphics extensions (HO)
)
Package epstopdf-base Info: Redefining graphics rule for `.eps' on input line 4
38.
Package grfext Info: Graphics extension search list:
(grfext)             [.pdf,.png,.jpg,.mps,.jpeg,.jbig2,.jb2,.PDF,.PNG,.JPG,.JPE
G,.JBIG2,.JB2,.eps]
(grfext)             \AppendGraphicsExtensions on input line 456.
)
ABD: EveryShipout initializing macros
\AtBeginShipoutBox=\box56
Package hyperref Info: Link coloring OFF on input line 14.

(/home/mikael/.miktex/texmfs/install/tex/latex/hyperref/nameref.sty
Package: nameref 2016/05/21 v2.44 Cross-referencing by name of section

(/home/mikael/.miktex/texmfs/install/tex/generic/oberdiek/gettitlestring.sty
Package: gettitlestring 2016/05/16 v1.5 Cleanup title references (HO)
)
\c@section@level=\count163
)
LaTeX Info: Redefining \ref on input line 14.
LaTeX Info: Redefining \pageref on input line 14.
LaTeX Info: Redefining \nameref on input line 14.

(MPF290819.out) (MPF290819.out)
\@outlinefile=\write5
\openout5 = `MPF290819.out'.

LaTeX Font Info:    Overwriting symbol font `operators' in version `normal'
(Font)                  OT1/cmr/m/n --> OT1/cmss/m/n on input line 14.
LaTeX Font Info:    Overwriting symbol font `operators' in version `bold'
(Font)                  OT1/cmr/bx/n --> OT1/cmss/bx/n on input line 14.
\symnumbers=\mathgroup6
\sympureletters=\mathgroup7
LaTeX Font Info:    Overwriting math alphabet `\mathrm' in version `normal'
(Font)                  OT1/cmss/m/n --> OT1/cmr/m/n on input line 14.
LaTeX Font Info:    Redeclaring math alphabet \mathbf on input line 14.
LaTeX Font Info:    Overwriting math alphabet `\mathbf' in version `normal'
(Font)                  OT1/cmr/bx/n --> OT1/cmss/bx/n on input line 14.
LaTeX Font Info:    Overwriting math alphabet `\mathbf' in version `bold'
(Font)                  OT1/cmr/bx/n --> OT1/cmss/bx/n on input line 14.
LaTeX Font Info:    Redeclaring math alphabet \mathsf on input line 14.
LaTeX Font Info:    Overwriting math alphabet `\mathsf' in version `normal'
(Font)                  OT1/cmss/m/n --> OT1/cmss/m/n on input line 14.
LaTeX Font Info:    Overwriting math alphabet `\mathsf' in version `bold'
(Font)                  OT1/cmss/bx/n --> OT1/cmss/m/n on input line 14.
LaTeX Font Info:    Redeclaring math alphabet \mathit on input line 14.
LaTeX Font Info:    Overwriting math alphabet `\mathit' in version `normal'
(Font)                  OT1/cmr/m/it --> OT1/cmss/m/it on input line 14.
LaTeX Font Info:    Overwriting math alphabet `\mathit' in version `bold'
(Font)                  OT1/cmr/bx/it --> OT1/cmss/m/it on input line 14.
LaTeX Font Info:    Redeclaring math alphabet \mathtt on input line 14.
LaTeX Font Info:    Overwriting math alphabet `\mathtt' in version `normal'
(Font)                  OT1/cmtt/m/n --> OT1/cmtt/m/n on input line 14.
LaTeX Font Info:    Overwriting math alphabet `\mathtt' in version `bold'
(Font)                  OT1/cmtt/m/n --> OT1/cmtt/m/n on input line 14.
LaTeX Font Info:    Overwriting symbol font `numbers' in version `bold'
(Font)                  OT1/cmss/m/n --> OT1/cmss/bx/n on input line 14.
LaTeX Font Info:    Overwriting symbol font `pureletters' in version `bold'
(Font)                  OT1/cmss/m/it --> OT1/cmss/bx/it on input line 14.
LaTeX Font Info:    Overwriting math alphabet `\mathrm' in version `bold'
(Font)                  OT1/cmss/bx/n --> OT1/cmr/bx/n on input line 14.
LaTeX Font Info:    Overwriting math alphabet `\mathbf' in version `bold'
(Font)                  OT1/cmss/bx/n --> OT1/cmss/bx/n on input line 14.
LaTeX Font Info:    Overwriting math alphabet `\mathsf' in version `bold'
(Font)                  OT1/cmss/m/n --> OT1/cmss/bx/n on input line 14.
LaTeX Font Info:    Overwriting math alphabet `\mathit' in version `bold'
(Font)                  OT1/cmss/m/it --> OT1/cmss/bx/it on input line 14.
LaTeX Font Info:    Overwriting math alphabet `\mathtt' in version `bold'
(Font)                  OT1/cmtt/m/n --> OT1/cmtt/bx/n on input line 14.
LaTeX Font Info:    Redeclaring symbol font `pureletters' on input line 14.
LaTeX Font Info:    Overwriting symbol font `pureletters' in version `normal'
(Font)                  OT1/cmss/m/it --> OT1/mathkerncmss/m/sl on input line 1
4.
LaTeX Font Info:    Overwriting symbol font `pureletters' in version `bold'
(Font)                  OT1/cmss/bx/it --> OT1/mathkerncmss/m/sl on input line 
14.
LaTeX Font Info:    Overwriting symbol font `pureletters' in version `bold'
(Font)                  OT1/mathkerncmss/m/sl --> OT1/mathkerncmss/bx/sl on inp
ut line 14.

(/home/mikael/.miktex/texmfs/install/tex/latex/translator/translator-basic-dict
ionary-English.dict
Dictionary: translator-basic-dictionary, Language: English 
)
(/home/mikael/.miktex/texmfs/install/tex/latex/translator/translator-bibliograp
hy-dictionary-English.dict
Dictionary: translator-bibliography-dictionary, Language: English 
)
(/home/mikael/.miktex/texmfs/install/tex/latex/translator/translator-environmen
t-dictionary-English.dict
Dictionary: translator-environment-dictionary, Language: English 
)
(/home/mikael/.miktex/texmfs/install/tex/latex/translator/translator-months-dic
tionary-English.dict
Dictionary: translator-months-dictionary, Language: English 
)
(/home/mikael/.miktex/texmfs/install/tex/latex/translator/translator-numbers-di
ctionary-English.dict
Dictionary: translator-numbers-dictionary, Language: English 
)
(/home/mikael/.miktex/texmfs/install/tex/latex/translator/translator-theorem-di
ctionary-English.dict
Dictionary: translator-theorem-dictionary, Language: English 
) (MPF290819.nav) [1

{/home/mikael/.miktex/texmfs/data/pdftex/config/pdftex.map}]
Package epstopdf Info: Source file: <MPF_zmmjet_prtcl4vec.eps>
(epstopdf)                    date: 2019-08-28 22:02:36
(epstopdf)                    size: 10268 bytes
(epstopdf)             Output file: <MPF_zmmjet_prtcl4vec-eps-converted-to.pdf>

(epstopdf)                    date: 2019-08-29 16:15:23
(epstopdf)                    size: 13621 bytes
(epstopdf)             Command: <epstopdf --outfile=MPF_zmmjet_prtcl4vec-eps-co
nverted-to.pdf MPF_zmmjet_prtcl4vec.eps>
(epstopdf)             \includegraphics on input line 31.
Package epstopdf Info: Output file is already uptodate.


pdfTeX warning: pdflatex (file ./MPF_zmmjet_prtcl4vec-eps-converted-to.pdf): PD
F inclusion: found PDF version <1.7>, but at most version <1.5> allowed
<MPF_zmmjet_prtcl4vec-eps-converted-to.pdf, id=42, 569.12625pt x 541.02126pt>
File: MPF_zmmjet_prtcl4vec-eps-converted-to.pdf Graphic file (type pdf)
<use MPF_zmmjet_prtcl4vec-eps-converted-to.pdf>
Package pdftex.def Info: MPF_zmmjet_prtcl4vec-eps-converted-to.pdf  used on inp
ut line 31.
(pdftex.def)             Requested size: 215.10196pt x 204.484pt.
[2

 <./MPF_zmmjet_prtcl4vec-eps-converted-to.pdf>]
Package epstopdf Info: Source file: <MPF_zmmjet_cells.eps>
(epstopdf)                    date: 2019-08-28 22:29:30
(epstopdf)                    size: 10268 bytes
(epstopdf)             Output file: <MPF_zmmjet_cells-eps-converted-to.pdf>
(epstopdf)                    date: 2019-08-29 16:15:23
(epstopdf)                    size: 13636 bytes
(epstopdf)             Command: <epstopdf --outfile=MPF_zmmjet_cells-eps-conver
ted-to.pdf MPF_zmmjet_cells.eps>
(epstopdf)             \includegraphics on input line 42.
Package epstopdf Info: Output file is already uptodate.


pdfTeX warning: pdflatex (file ./MPF_zmmjet_cells-eps-converted-to.pdf): PDF in
clusion: found PDF version <1.7>, but at most version <1.5> allowed
<MPF_zmmjet_cells-eps-converted-to.pdf, id=81, 569.12625pt x 541.02126pt>
File: MPF_zmmjet_cells-eps-converted-to.pdf Graphic file (type pdf)
<use MPF_zmmjet_cells-eps-converted-to.pdf>
Package pdftex.def Info: MPF_zmmjet_cells-eps-converted-to.pdf  used on input l
ine 42.
(pdftex.def)             Requested size: 215.10196pt x 204.484pt.
[3

 <./MPF_zmmjet_cells-eps-converted-to.pdf>]
Package epstopdf Info: Source file: <MPF_zmmjet_cells_caloPtFix.eps>
(epstopdf)                    date: 2019-08-28 23:07:31
(epstopdf)                    size: 10268 bytes
(epstopdf)             Output file: <MPF_zmmjet_cells_caloPtFix-eps-converted-t
o.pdf>
(epstopdf)                    date: 2019-08-29 16:15:24
(epstopdf)                    size: 13623 bytes
(epstopdf)             Command: <epstopdf --outfile=MPF_zmmjet_cells_caloPtFix-
eps-converted-to.pdf MPF_zmmjet_cells_caloPtFix.eps>
(epstopdf)             \includegraphics on input line 52.
Package epstopdf Info: Output file is already uptodate.


pdfTeX warning: pdflatex (file ./MPF_zmmjet_cells_caloPtFix-eps-converted-to.pd
f): PDF inclusion: found PDF version <1.7>, but at most version <1.5> allowed
<MPF_zmmjet_cells_caloPtFix-eps-converted-to.pdf, id=120, 569.12625pt x 541.021
26pt>
File: MPF_zmmjet_cells_caloPtFix-eps-converted-to.pdf Graphic file (type pdf)
<use MPF_zmmjet_cells_caloPtFix-eps-converted-to.pdf>
Package pdftex.def Info: MPF_zmmjet_cells_caloPtFix-eps-converted-to.pdf  used 
on input line 52.
(pdftex.def)             Requested size: 215.10196pt x 204.484pt.
[4

 <./MPF_zmmjet_cells_caloPtFix-eps-converted-to.pdf>]
Package epstopdf Info: Source file: <MPF_zmmjet_cells_shdw.eps>
(epstopdf)                    date: 2019-08-28 23:55:55
(epstopdf)                    size: 10267 bytes
(epstopdf)             Output file: <MPF_zmmjet_cells_shdw-eps-converted-to.pdf
>
(epstopdf)                    date: 2019-08-29 16:15:24
(epstopdf)                    size: 13628 bytes
(epstopdf)             Command: <epstopdf --outfile=MPF_zmmjet_cells_shdw-eps-c
onverted-to.pdf MPF_zmmjet_cells_shdw.eps>
(epstopdf)             \includegraphics on input line 62.
Package epstopdf Info: Output file is already uptodate.


pdfTeX warning: pdflatex (file ./MPF_zmmjet_cells_shdw-eps-converted-to.pdf): P
DF inclusion: found PDF version <1.7>, but at most version <1.5> allowed
<MPF_zmmjet_cells_shdw-eps-converted-to.pdf, id=159, 569.12625pt x 541.02126pt>

File: MPF_zmmjet_cells_shdw-eps-converted-to.pdf Graphic file (type pdf)
<use MPF_zmmjet_cells_shdw-eps-converted-to.pdf>
Package pdftex.def Info: MPF_zmmjet_cells_shdw-eps-converted-to.pdf  used on in
put line 62.
(pdftex.def)             Requested size: 215.10196pt x 204.484pt.
[5

 <./MPF_zmmjet_cells_shdw-eps-converted-to.pdf>]
Package epstopdf Info: Source file: <MPF_zmmjet_cells_shdw_trackCurv.eps>
(epstopdf)                    date: 2019-08-29 02:59:53
(epstopdf)                    size: 10268 bytes
(epstopdf)             Output file: <MPF_zmmjet_cells_shdw_trackCurv-eps-conver
ted-to.pdf>
(epstopdf)                    date: 2019-08-29 16:15:24
(epstopdf)                    size: 13633 bytes
(epstopdf)             Command: <epstopdf --outfile=MPF_zmmjet_cells_shdw_track
Curv-eps-converted-to.pdf MPF_zmmjet_cells_shdw_trackCurv.eps>
(epstopdf)             \includegraphics on input line 72.
Package epstopdf Info: Output file is already uptodate.


pdfTeX warning: pdflatex (file ./MPF_zmmjet_cells_shdw_trackCurv-eps-converted-
to.pdf): PDF inclusion: found PDF version <1.7>, but at most version <1.5> allo
wed
<MPF_zmmjet_cells_shdw_trackCurv-eps-converted-to.pdf, id=198, 569.12625pt x 54
1.02126pt>
File: MPF_zmmjet_cells_shdw_trackCurv-eps-converted-to.pdf Graphic file (type p
df)
<use MPF_zmmjet_cells_shdw_trackCurv-eps-converted-to.pdf>
Package pdftex.def Info: MPF_zmmjet_cells_shdw_trackCurv-eps-converted-to.pdf  
used on input line 72.
(pdftex.def)             Requested size: 215.10196pt x 204.484pt.
[6

 <./MPF_zmmjet_cells_shdw_trackCurv-eps-converted-to.pdf>]
Package epstopdf Info: Source file: <MPF_zmmjet_trackCurv_eff00003781_fromParti
cles.eps>
(epstopdf)                    date: 2019-08-29 15:37:31
(epstopdf)                    size: 10268 bytes
(epstopdf)             Output file: <MPF_zmmjet_trackCurv_eff00003781_fromParti
cles-eps-converted-to.pdf>
(epstopdf)                    date: 2019-08-29 16:19:47
(epstopdf)                    size: 13624 bytes
(epstopdf)             Command: <epstopdf --outfile=MPF_zmmjet_trackCurv_eff000
03781_fromParticles-eps-converted-to.pdf MPF_zmmjet_trackCurv_eff00003781_fromP
articles.eps>
(epstopdf)             \includegraphics on input line 81.
Package epstopdf Info: Output file is already uptodate.


pdfTeX warning: pdflatex (file ./MPF_zmmjet_trackCurv_eff00003781_fromParticles
-eps-converted-to.pdf): PDF inclusion: found PDF version <1.7>, but at most ver
sion <1.5> allowed
<MPF_zmmjet_trackCurv_eff00003781_fromParticles-eps-converted-to.pdf, id=237, 5
69.12625pt x 541.02126pt>
File: MPF_zmmjet_trackCurv_eff00003781_fromParticles-eps-converted-to.pdf Graph
ic file (type pdf)
<use MPF_zmmjet_trackCurv_eff00003781_fromParticles-eps-converted-to.pdf>
Package pdftex.def Info: MPF_zmmjet_trackCurv_eff00003781_fromParticles-eps-con
verted-to.pdf  used on input line 81.
(pdftex.def)             Requested size: 215.10196pt x 204.484pt.
[7

 <./MPF_zmmjet_trackCurv_eff00003781_fromParticles-eps-converted-to.pdf>]
Package epstopdf Info: Source file: <MPF_zmmjet_trackCurv_eff00003781_fromParti
cles_nh.eps>
(epstopdf)                    date: 2019-08-29 15:07:00
(epstopdf)                    size: 10263 bytes
(epstopdf)             Output file: <MPF_zmmjet_trackCurv_eff00003781_fromParti
cles_nh-eps-converted-to.pdf>
(epstopdf)                    date: 2019-08-29 16:19:48
(epstopdf)                    size: 13624 bytes
(epstopdf)             Command: <epstopdf --outfile=MPF_zmmjet_trackCurv_eff000
03781_fromParticles_nh-eps-converted-to.pdf MPF_zmmjet_trackCurv_eff00003781_fr
omParticles_nh.eps>
(epstopdf)             \includegraphics on input line 90.
Package epstopdf Info: Output file is already uptodate.


pdfTeX warning: pdflatex (file ./MPF_zmmjet_trackCurv_eff00003781_fromParticles
_nh-eps-converted-to.pdf): PDF inclusion: found PDF version <1.7>, but at most 
version <1.5> allowed
<MPF_zmmjet_trackCurv_eff00003781_fromParticles_nh-eps-converted-to.pdf, id=277
, 569.12625pt x 541.02126pt>
File: MPF_zmmjet_trackCurv_eff00003781_fromParticles_nh-eps-converted-to.pdf Gr
aphic file (type pdf)
<use MPF_zmmjet_trackCurv_eff00003781_fromParticles_nh-eps-converted-to.pdf>
Package pdftex.def Info: MPF_zmmjet_trackCurv_eff00003781_fromParticles_nh-eps-
converted-to.pdf  used on input line 90.
(pdftex.def)             Requested size: 215.10196pt x 204.484pt.
[8

 <./MPF_zmmjet_trackCurv_eff00003781_fromParticles_nh-eps-converted-to.pdf>]
Package epstopdf Info: Source file: <MPF_zmmjet_trackCurv_eff00003781_fromCells
.eps>
(epstopdf)                    date: 2019-08-29 16:09:01
(epstopdf)                    size: 10263 bytes
(epstopdf)             Output file: <MPF_zmmjet_trackCurv_eff00003781_fromCells
-eps-converted-to.pdf>
(epstopdf)                    date: 2019-08-29 16:21:11
(epstopdf)                    size: 13628 bytes
(epstopdf)             Command: <epstopdf --outfile=MPF_zmmjet_trackCurv_eff000
03781_fromCells-eps-converted-to.pdf MPF_zmmjet_trackCurv_eff00003781_fromCells
.eps>
(epstopdf)             \includegraphics on input line 100.
Package epstopdf Info: Output file is already uptodate.


pdfTeX warning: pdflatex (file ./MPF_zmmjet_trackCurv_eff00003781_fromCells-eps
-converted-to.pdf): PDF inclusion: found PDF version <1.7>, but at most version
 <1.5> allowed
<MPF_zmmjet_trackCurv_eff00003781_fromCells-eps-converted-to.pdf, id=316, 569.1
2625pt x 541.02126pt>
File: MPF_zmmjet_trackCurv_eff00003781_fromCells-eps-converted-to.pdf Graphic f
ile (type pdf)
<use MPF_zmmjet_trackCurv_eff00003781_fromCells-eps-converted-to.pdf>
Package pdftex.def Info: MPF_zmmjet_trackCurv_eff00003781_fromCells-eps-convert
ed-to.pdf  used on input line 100.
(pdftex.def)             Requested size: 215.10196pt x 204.484pt.
[9

 <./MPF_zmmjet_trackCurv_eff00003781_fromCells-eps-converted-to.pdf>]
Package epstopdf Info: Source file: <MPF_zmmjet_30k_cht.eps>
(epstopdf)                    date: 2019-08-29 03:15:11
(epstopdf)                    size: 9742 bytes
(epstopdf)             Output file: <MPF_zmmjet_30k_cht-eps-converted-to.pdf>
(epstopdf)                    date: 2019-08-29 16:15:25
(epstopdf)                    size: 13529 bytes
(epstopdf)             Command: <epstopdf --outfile=MPF_zmmjet_30k_cht-eps-conv
erted-to.pdf MPF_zmmjet_30k_cht.eps>
(epstopdf)             \includegraphics on input line 111.
Package epstopdf Info: Output file is already uptodate.


pdfTeX warning: pdflatex (file ./MPF_zmmjet_30k_cht-eps-converted-to.pdf): PDF 
inclusion: found PDF version <1.7>, but at most version <1.5> allowed
<MPF_zmmjet_30k_cht-eps-converted-to.pdf, id=355, 569.12625pt x 541.02126pt>
File: MPF_zmmjet_30k_cht-eps-converted-to.pdf Graphic file (type pdf)
<use MPF_zmmjet_30k_cht-eps-converted-to.pdf>
Package pdftex.def Info: MPF_zmmjet_30k_cht-eps-converted-to.pdf  used on input
 line 111.
(pdftex.def)             Requested size: 215.10196pt x 204.484pt.
[10

 <./MPF_zmmjet_30k_cht-eps-converted-to.pdf>]
Package epstopdf Info: Source file: <MPF_zmmjet_30k_eps00003781.eps>
(epstopdf)                    date: 2019-08-29 03:49:30
(epstopdf)                    size: 9742 bytes
(epstopdf)             Output file: <MPF_zmmjet_30k_eps00003781-eps-converted-t
o.pdf>
(epstopdf)                    date: 2019-08-29 16:15:25
(epstopdf)                    size: 13538 bytes
(epstopdf)             Command: <epstopdf --outfile=MPF_zmmjet_30k_eps00003781-
eps-converted-to.pdf MPF_zmmjet_30k_eps00003781.eps>
(epstopdf)             \includegraphics on input line 120.
Package epstopdf Info: Output file is already uptodate.


pdfTeX warning: pdflatex (file ./MPF_zmmjet_30k_eps00003781-eps-converted-to.pd
f): PDF inclusion: found PDF version <1.7>, but at most version <1.5> allowed
<MPF_zmmjet_30k_eps00003781-eps-converted-to.pdf, id=394, 569.12625pt x 541.021
26pt>
File: MPF_zmmjet_30k_eps00003781-eps-converted-to.pdf Graphic file (type pdf)
<use MPF_zmmjet_30k_eps00003781-eps-converted-to.pdf>
Package pdftex.def Info: MPF_zmmjet_30k_eps00003781-eps-converted-to.pdf  used 
on input line 120.
(pdftex.def)             Requested size: 215.10196pt x 204.484pt.
[11

 <./MPF_zmmjet_30k_eps00003781-eps-converted-to.pdf>]
Package epstopdf Info: Source file: <MPF_zmmjet_30k_chc.eps>
(epstopdf)                    date: 2019-08-29 03:18:00
(epstopdf)                    size: 9701 bytes
(epstopdf)             Output file: <MPF_zmmjet_30k_chc-eps-converted-to.pdf>
(epstopdf)                    date: 2019-08-29 16:15:25
(epstopdf)                    size: 13544 bytes
(epstopdf)             Command: <epstopdf --outfile=MPF_zmmjet_30k_chc-eps-conv
erted-to.pdf MPF_zmmjet_30k_chc.eps>
(epstopdf)             \includegraphics on input line 129.
Package epstopdf Info: Output file is already uptodate.


pdfTeX warning: pdflatex (file ./MPF_zmmjet_30k_chc-eps-converted-to.pdf): PDF 
inclusion: found PDF version <1.7>, but at most version <1.5> allowed
<MPF_zmmjet_30k_chc-eps-converted-to.pdf, id=433, 569.12625pt x 541.02126pt>
File: MPF_zmmjet_30k_chc-eps-converted-to.pdf Graphic file (type pdf)
<use MPF_zmmjet_30k_chc-eps-converted-to.pdf>
Package pdftex.def Info: MPF_zmmjet_30k_chc-eps-converted-to.pdf  used on input
 line 129.
(pdftex.def)             Requested size: 215.10196pt x 204.484pt.
[12

 <./MPF_zmmjet_30k_chc-eps-converted-to.pdf>]
Package epstopdf Info: Source file: <MPF_zmmjet_30k_eps00003781.eps>
(epstopdf)                    date: 2019-08-29 03:49:30
(epstopdf)                    size: 9742 bytes
(epstopdf)             Output file: <MPF_zmmjet_30k_eps00003781-eps-converted-t
o.pdf>
(epstopdf)                    date: 2019-08-29 16:15:25
(epstopdf)                    size: 13538 bytes
(epstopdf)             Command: <epstopdf --outfile=MPF_zmmjet_30k_eps00003781-
eps-converted-to.pdf MPF_zmmjet_30k_eps00003781.eps>
(epstopdf)             \includegraphics on input line 140.
Package epstopdf Info: Output file is already uptodate.
File: MPF_zmmjet_30k_eps00003781-eps-converted-to.pdf Graphic file (type pdf)
<use MPF_zmmjet_30k_eps00003781-eps-converted-to.pdf>
Package pdftex.def Info: MPF_zmmjet_30k_eps00003781-eps-converted-to.pdf  used 
on input line 140.
(pdftex.def)             Requested size: 215.10196pt x 204.484pt.
 [13

]
Package epstopdf Info: Source file: <MPF_zmmjet_30k_eps00003781_fromparticles.e
ps>
(epstopdf)                    date: 2019-08-29 04:37:56
(epstopdf)                    size: 9742 bytes
(epstopdf)             Output file: <MPF_zmmjet_30k_eps00003781_fromparticles-e
ps-converted-to.pdf>
(epstopdf)                    date: 2019-08-29 16:15:26
(epstopdf)                    size: 13528 bytes
(epstopdf)             Command: <epstopdf --outfile=MPF_zmmjet_30k_eps00003781_
fromparticles-eps-converted-to.pdf MPF_zmmjet_30k_eps00003781_fromparticles.eps
>
(epstopdf)             \includegraphics on input line 149.
Package epstopdf Info: Output file is already uptodate.


pdfTeX warning: pdflatex (file ./MPF_zmmjet_30k_eps00003781_fromparticles-eps-c
onverted-to.pdf): PDF inclusion: found PDF version <1.7>, but at most version <
1.5> allowed
<MPF_zmmjet_30k_eps00003781_fromparticles-eps-converted-to.pdf, id=498, 569.126
25pt x 541.02126pt>
File: MPF_zmmjet_30k_eps00003781_fromparticles-eps-converted-to.pdf Graphic fil
e (type pdf)
<use MPF_zmmjet_30k_eps00003781_fromparticles-eps-converted-to.pdf>
Package pdftex.def Info: MPF_zmmjet_30k_eps00003781_fromparticles-eps-converted
-to.pdf  used on input line 149.
(pdftex.def)             Requested size: 215.10196pt x 204.484pt.
[14

 <./MPF_zmmjet_30k_eps00003781_fromparticles-eps-converted-to.pdf>]
Package epstopdf Info: Source file: <MPF_zmmjet_30k_eps00003781_fromparticles_n
h.eps>
(epstopdf)                    date: 2019-08-29 17:12:32
(epstopdf)                    size: 9742 bytes
(epstopdf)             Output file: <MPF_zmmjet_30k_eps00003781_fromparticles_n
h-eps-converted-to.pdf>
(epstopdf)                    date: 2019-08-29 17:22:30
(epstopdf)                    size: 13534 bytes
(epstopdf)             Command: <epstopdf --outfile=MPF_zmmjet_30k_eps00003781_
fromparticles_nh-eps-converted-to.pdf MPF_zmmjet_30k_eps00003781_fromparticles_
nh.eps>
(epstopdf)             \includegraphics on input line 158.
Package epstopdf Info: Output file is already uptodate.


pdfTeX warning: pdflatex (file ./MPF_zmmjet_30k_eps00003781_fromparticles_nh-ep
s-converted-to.pdf): PDF inclusion: found PDF version <1.7>, but at most versio
n <1.5> allowed
<MPF_zmmjet_30k_eps00003781_fromparticles_nh-eps-converted-to.pdf, id=537, 569.
12625pt x 541.02126pt>
File: MPF_zmmjet_30k_eps00003781_fromparticles_nh-eps-converted-to.pdf Graphic 
file (type pdf)
<use MPF_zmmjet_30k_eps00003781_fromparticles_nh-eps-converted-to.pdf>
Package pdftex.def Info: MPF_zmmjet_30k_eps00003781_fromparticles_nh-eps-conver
ted-to.pdf  used on input line 158.
(pdftex.def)             Requested size: 215.10196pt x 204.484pt.
[15

 <./MPF_zmmjet_30k_eps00003781_fromparticles_nh-eps-converted-to.pdf>]
Package epstopdf Info: Source file: <MPF_zmmjet_30k_eps00015124.eps>
(epstopdf)                    date: 2019-08-29 05:04:08
(epstopdf)                    size: 9742 bytes
(epstopdf)             Output file: <MPF_zmmjet_30k_eps00015124-eps-converted-t
o.pdf>
(epstopdf)                    date: 2019-08-29 16:15:26
(epstopdf)                    size: 13538 bytes
(epstopdf)             Command: <epstopdf --outfile=MPF_zmmjet_30k_eps00015124-
eps-converted-to.pdf MPF_zmmjet_30k_eps00015124.eps>
(epstopdf)             \includegraphics on input line 168.
Package epstopdf Info: Output file is already uptodate.


pdfTeX warning: pdflatex (file ./MPF_zmmjet_30k_eps00015124-eps-converted-to.pd
f): PDF inclusion: found PDF version <1.7>, but at most version <1.5> allowed
<MPF_zmmjet_30k_eps00015124-eps-converted-to.pdf, id=576, 569.12625pt x 541.021
26pt>
File: MPF_zmmjet_30k_eps00015124-eps-converted-to.pdf Graphic file (type pdf)
<use MPF_zmmjet_30k_eps00015124-eps-converted-to.pdf>
Package pdftex.def Info: MPF_zmmjet_30k_eps00015124-eps-converted-to.pdf  used 
on input line 168.
(pdftex.def)             Requested size: 215.10196pt x 204.484pt.
[16

 <./MPF_zmmjet_30k_eps00015124-eps-converted-to.pdf>]
Package epstopdf Info: Source file: <MPF_zmmjet_30k_eps15x00003781_fromParticle
s.eps>
(epstopdf)                    date: 2019-08-29 16:53:57
(epstopdf)                    size: 9742 bytes
(epstopdf)             Output file: <MPF_zmmjet_30k_eps15x00003781_fromParticle
s-eps-converted-to.pdf>
(epstopdf)                    date: 2019-08-29 17:21:33
(epstopdf)                    size: 13532 bytes
(epstopdf)             Command: <epstopdf --outfile=MPF_zmmjet_30k_eps15x000037
81_fromParticles-eps-converted-to.pdf MPF_zmmjet_30k_eps15x00003781_fromParticl
es.eps>
(epstopdf)             \includegraphics on input line 177.
Package epstopdf Info: Output file is already uptodate.


pdfTeX warning: pdflatex (file ./MPF_zmmjet_30k_eps15x00003781_fromParticles-ep
s-converted-to.pdf): PDF inclusion: found PDF version <1.7>, but at most versio
n <1.5> allowed
<MPF_zmmjet_30k_eps15x00003781_fromParticles-eps-converted-to.pdf, id=615, 569.
12625pt x 541.02126pt>
File: MPF_zmmjet_30k_eps15x00003781_fromParticles-eps-converted-to.pdf Graphic 
file (type pdf)
<use MPF_zmmjet_30k_eps15x00003781_fromParticles-eps-converted-to.pdf>
Package pdftex.def Info: MPF_zmmjet_30k_eps15x00003781_fromParticles-eps-conver
ted-to.pdf  used on input line 177.
(pdftex.def)             Requested size: 215.10196pt x 204.484pt.
[17

 <./MPF_zmmjet_30k_eps15x00003781_fromParticles-eps-converted-to.pdf>]
Package epstopdf Info: Source file: <MPF_zmmjet_30k_eps15x00003781_fromParticle
s_nh.eps>
(epstopdf)                    date: 2019-08-29 17:00:12
(epstopdf)                    size: 9744 bytes
(epstopdf)             Output file: <MPF_zmmjet_30k_eps15x00003781_fromParticle
s_nh-eps-converted-to.pdf>
(epstopdf)                    date: 2019-08-29 17:21:33
(epstopdf)                    size: 13536 bytes
(epstopdf)             Command: <epstopdf --outfile=MPF_zmmjet_30k_eps15x000037
81_fromParticles_nh-eps-converted-to.pdf MPF_zmmjet_30k_eps15x00003781_fromPart
icles_nh.eps>
(epstopdf)             \includegraphics on input line 186.
Package epstopdf Info: Output file is already uptodate.


pdfTeX warning: pdflatex (file ./MPF_zmmjet_30k_eps15x00003781_fromParticles_nh
-eps-converted-to.pdf): PDF inclusion: found PDF version <1.7>, but at most ver
sion <1.5> allowed
<MPF_zmmjet_30k_eps15x00003781_fromParticles_nh-eps-converted-to.pdf, id=654, 5
69.12625pt x 541.02126pt>
File: MPF_zmmjet_30k_eps15x00003781_fromParticles_nh-eps-converted-to.pdf Graph
ic file (type pdf)
<use MPF_zmmjet_30k_eps15x00003781_fromParticles_nh-eps-converted-to.pdf>
Package pdftex.def Info: MPF_zmmjet_30k_eps15x00003781_fromParticles_nh-eps-con
verted-to.pdf  used on input line 186.
(pdftex.def)             Requested size: 215.10196pt x 204.484pt.
[18

 <./MPF_zmmjet_30k_eps15x00003781_fromParticles_nh-eps-converted-to.pdf>]
Package epstopdf Info: Source file: <MPF_zz_compare.eps>
(epstopdf)                    date: 2019-08-29 04:37:56
(epstopdf)                    size: 9742 bytes
(epstopdf)             Output file: <MPF_zz_compare-eps-converted-to.pdf>
(epstopdf)                    date: 2019-08-29 16:15:52
(epstopdf)                    size: 13528 bytes
(epstopdf)             Command: <epstopdf --outfile=MPF_zz_compare-eps-converte
d-to.pdf MPF_zz_compare.eps>
(epstopdf)             \includegraphics on input line 196.
Package epstopdf Info: Output file is already uptodate.


pdfTeX warning: pdflatex (file ./MPF_zz_compare-eps-converted-to.pdf): PDF incl
usion: found PDF version <1.7>, but at most version <1.5> allowed
<MPF_zz_compare-eps-converted-to.pdf, id=693, 569.12625pt x 541.02126pt>
File: MPF_zz_compare-eps-converted-to.pdf Graphic file (type pdf)
<use MPF_zz_compare-eps-converted-to.pdf>
Package pdftex.def Info: MPF_zz_compare-eps-converted-to.pdf  used on input lin
e 196.
(pdftex.def)             Requested size: 215.10196pt x 204.484pt.
[19

 <./MPF_zz_compare-eps-converted-to.pdf>]
LaTeX Font Info:    Try loading font information for OML+cmss on input line 206
.
LaTeX Font Info:    No file OMLcmss.fd. on input line 206.


LaTeX Font Warning: Font shape `OML/cmss/m/n' undefined
(Font)              using `OML/cmm/m/it' instead
(Font)              for symbol `textless' on input line 206.

Package epstopdf Info: Source file: <MPF_zz_compare_removePt05.eps>
(epstopdf)                    date: 2019-08-29 04:42:58
(epstopdf)                    size: 9742 bytes
(epstopdf)             Output file: <MPF_zz_compare_removePt05-eps-converted-to
.pdf>
(epstopdf)                    date: 2019-08-29 16:15:53
(epstopdf)                    size: 13542 bytes
(epstopdf)             Command: <epstopdf --outfile=MPF_zz_compare_removePt05-e
ps-converted-to.pdf MPF_zz_compare_removePt05.eps>
(epstopdf)             \includegraphics on input line 206.
Package epstopdf Info: Output file is already uptodate.


pdfTeX warning: pdflatex (file ./MPF_zz_compare_removePt05-eps-converted-to.pdf
): PDF inclusion: found PDF version <1.7>, but at most version <1.5> allowed
<MPF_zz_compare_removePt05-eps-converted-to.pdf, id=733, 569.12625pt x 541.0212
6pt>
File: MPF_zz_compare_removePt05-eps-converted-to.pdf Graphic file (type pdf)
<use MPF_zz_compare_removePt05-eps-converted-to.pdf>
Package pdftex.def Info: MPF_zz_compare_removePt05-eps-converted-to.pdf  used o
n input line 206.
(pdftex.def)             Requested size: 215.10196pt x 204.484pt.
[20

 <./MPF_zz_compare_removePt05-eps-converted-to.pdf>]
Package epstopdf Info: Source file: <MPF_zz_compare_pTtoECuts.eps>
(epstopdf)                    date: 2019-08-29 04:45:36
(epstopdf)                    size: 9741 bytes
(epstopdf)             Output file: <MPF_zz_compare_pTtoECuts-eps-converted-to.
pdf>
(epstopdf)                    date: 2019-08-29 16:15:53
(epstopdf)                    size: 13533 bytes
(epstopdf)             Command: <epstopdf --outfile=MPF_zz_compare_pTtoECuts-ep
s-converted-to.pdf MPF_zz_compare_pTtoECuts.eps>
(epstopdf)             \includegraphics on input line 216.
Package epstopdf Info: Output file is already uptodate.


pdfTeX warning: pdflatex (file ./MPF_zz_compare_pTtoECuts-eps-converted-to.pdf)
: PDF inclusion: found PDF version <1.7>, but at most version <1.5> allowed
<MPF_zz_compare_pTtoECuts-eps-converted-to.pdf, id=773, 569.12625pt x 541.02126
pt>
File: MPF_zz_compare_pTtoECuts-eps-converted-to.pdf Graphic file (type pdf)
<use MPF_zz_compare_pTtoECuts-eps-converted-to.pdf>
Package pdftex.def Info: MPF_zz_compare_pTtoECuts-eps-converted-to.pdf  used on
 input line 216.
(pdftex.def)             Requested size: 215.10196pt x 204.484pt.
[21

 <./MPF_zz_compare_pTtoECuts-eps-converted-to.pdf>]
Package epstopdf Info: Source file: <MPF_zz_compare_both.eps>
(epstopdf)                    date: 2019-08-29 04:47:43
(epstopdf)                    size: 9740 bytes
(epstopdf)             Output file: <MPF_zz_compare_both-eps-converted-to.pdf>
(epstopdf)                    date: 2019-08-29 16:15:53
(epstopdf)                    size: 13527 bytes
(epstopdf)             Command: <epstopdf --outfile=MPF_zz_compare_both-eps-con
verted-to.pdf MPF_zz_compare_both.eps>
(epstopdf)             \includegraphics on input line 226.
Package epstopdf Info: Output file is already uptodate.


pdfTeX warning: pdflatex (file ./MPF_zz_compare_both-eps-converted-to.pdf): PDF
 inclusion: found PDF version <1.7>, but at most version <1.5> allowed
<MPF_zz_compare_both-eps-converted-to.pdf, id=812, 569.12625pt x 541.02126pt>
File: MPF_zz_compare_both-eps-converted-to.pdf Graphic file (type pdf)
<use MPF_zz_compare_both-eps-converted-to.pdf>
Package pdftex.def Info: MPF_zz_compare_both-eps-converted-to.pdf  used on inpu
t line 226.
(pdftex.def)             Requested size: 215.10196pt x 204.484pt.
[22

 <./MPF_zz_compare_both-eps-converted-to.pdf>]
Package epstopdf Info: Source file: <MPF_zmmjet_30k_eps15x00003781_fromParticle
s_removePtCuts.eps>
(epstopdf)                    date: 2019-08-29 16:51:23
(epstopdf)                    size: 9740 bytes
(epstopdf)             Output file: <MPF_zmmjet_30k_eps15x00003781_fromParticle
s_removePtCuts-eps-converted-to.pdf>
(epstopdf)                    date: 2019-08-29 17:24:23
(epstopdf)                    size: 13524 bytes
(epstopdf)             Command: <epstopdf --outfile=MPF_zmmjet_30k_eps15x000037
81_fromParticles_removePtCuts-eps-converted-to.pdf MPF_zmmjet_30k_eps15x0000378
1_fromParticles_removePtCuts.eps>
(epstopdf)             \includegraphics on input line 236.
Package epstopdf Info: Output file is already uptodate.


pdfTeX warning: pdflatex (file ./MPF_zmmjet_30k_eps15x00003781_fromParticles_re
movePtCuts-eps-converted-to.pdf): PDF inclusion: found PDF version <1.7>, but a
t most version <1.5> allowed
<MPF_zmmjet_30k_eps15x00003781_fromParticles_removePtCuts-eps-converted-to.pdf,
 id=851, 569.12625pt x 541.02126pt>
File: MPF_zmmjet_30k_eps15x00003781_fromParticles_removePtCuts-eps-converted-to
.pdf Graphic file (type pdf)
<use MPF_zmmjet_30k_eps15x00003781_fromParticles_removePtCuts-eps-converted-to.
pdf>
Package pdftex.def Info: MPF_zmmjet_30k_eps15x00003781_fromParticles_removePtCu
ts-eps-converted-to.pdf  used on input line 236.
(pdftex.def)             Requested size: 215.10196pt x 204.484pt.
[23

 <./MPF_zmmjet_30k_eps15x00003781_fromParticles_removePtCuts-eps-converted-to.p
df>]
Package epstopdf Info: Source file: <MPF_zmmjet_30k_eps15x00003781_fromParticle
s_nh_removePtCuts.eps>
(epstopdf)                    date: 2019-08-29 16:37:31
(epstopdf)                    size: 9742 bytes
(epstopdf)             Output file: <MPF_zmmjet_30k_eps15x00003781_fromParticle
s_nh_removePtCuts-eps-converted-to.pdf>
(epstopdf)                    date: 2019-08-29 17:24:23
(epstopdf)                    size: 13534 bytes
(epstopdf)             Command: <epstopdf --outfile=MPF_zmmjet_30k_eps15x000037
81_fromParticles_nh_removePtCuts-eps-converted-to.pdf MPF_zmmjet_30k_eps15x0000
3781_fromParticles_nh_removePtCuts.eps>
(epstopdf)             \includegraphics on input line 247.
Package epstopdf Info: Output file is already uptodate.


pdfTeX warning: pdflatex (file ./MPF_zmmjet_30k_eps15x00003781_fromParticles_nh
_removePtCuts-eps-converted-to.pdf): PDF inclusion: found PDF version <1.7>, bu
t at most version <1.5> allowed
<MPF_zmmjet_30k_eps15x00003781_fromParticles_nh_removePtCuts-eps-converted-to.p
df, id=890, 569.12625pt x 541.02126pt>
File: MPF_zmmjet_30k_eps15x00003781_fromParticles_nh_removePtCuts-eps-converted
-to.pdf Graphic file (type pdf)
<use MPF_zmmjet_30k_eps15x00003781_fromParticles_nh_removePtCuts-eps-converted-
to.pdf>
Package pdftex.def Info: MPF_zmmjet_30k_eps15x00003781_fromParticles_nh_removeP
tCuts-eps-converted-to.pdf  used on input line 247.
(pdftex.def)             Requested size: 215.10196pt x 204.484pt.
[24

 <./MPF_zmmjet_30k_eps15x00003781_fromParticles_nh_removePtCuts-eps-converted-t
o.pdf>]
Package epstopdf Info: Source file: <MPF_zmmjet_30k_eps00015124_fromCells_remov
ePtCuts.eps>
(epstopdf)                    date: 2019-08-29 05:07:59
(epstopdf)                    size: 9740 bytes
(epstopdf)             Output file: <MPF_zmmjet_30k_eps00015124_fromCells_remov
ePtCuts-eps-converted-to.pdf>
(epstopdf)                    date: 2019-08-29 16:16:21
(epstopdf)                    size: 13533 bytes
(epstopdf)             Command: <epstopdf --outfile=MPF_zmmjet_30k_eps00015124_
fromCells_removePtCuts-eps-converted-to.pdf MPF_zmmjet_30k_eps00015124_fromCell
s_removePtCuts.eps>
(epstopdf)             \includegraphics on input line 258.
Package epstopdf Info: Output file is already uptodate.


pdfTeX warning: pdflatex (file ./MPF_zmmjet_30k_eps00015124_fromCells_removePtC
uts-eps-converted-to.pdf): PDF inclusion: found PDF version <1.7>, but at most 
version <1.5> allowed
<MPF_zmmjet_30k_eps00015124_fromCells_removePtCuts-eps-converted-to.pdf, id=929
, 569.12625pt x 541.02126pt>
File: MPF_zmmjet_30k_eps00015124_fromCells_removePtCuts-eps-converted-to.pdf Gr
aphic file (type pdf)
<use MPF_zmmjet_30k_eps00015124_fromCells_removePtCuts-eps-converted-to.pdf>
Package pdftex.def Info: MPF_zmmjet_30k_eps00015124_fromCells_removePtCuts-eps-
converted-to.pdf  used on input line 258.
(pdftex.def)             Requested size: 215.10196pt x 204.484pt.
[25

 <./MPF_zmmjet_30k_eps00015124_fromCells_removePtCuts-eps-converted-to.pdf>] [2
6

]
\tf@nav=\write6
\openout6 = `MPF290819.nav'.

\tf@toc=\write7
\openout7 = `MPF290819.toc'.

\tf@snm=\write8
\openout8 = `MPF290819.snm'.

Package atveryend Info: Empty hook `BeforeClearDocument' on input line 290.
Package atveryend Info: Empty hook `AfterLastShipout' on input line 290.
 (MPF290819.aux)
Package atveryend Info: Executing hook `AtVeryEndDocument' on input line 290.
Package atveryend Info: Executing hook `AtEndAfterFileList' on input line 290.
Package rerunfilecheck Info: File `MPF290819.out' has not changed.
(rerunfilecheck)             Checksum: D41D8CD98F00B204E9800998ECF8427E;0.


LaTeX Font Warning: Some font shapes were not available, defaults substituted.

 ) 
Here is how much of TeX's memory you used:
 17257 strings out of 494857
 332780 string characters out of 3178172
 399112 words of memory out of 3000000
 20465 multiletter control sequences out of 15000+200000
 5811 words of font info for 21 fonts, out of 3000000 for 9000
 0 hyphenation exceptions out of 8191
 56i,14n,55p,778b,560s stack positions out of 5000i,500n,10000p,200000b,50000s
</home/mikael/.miktex/texmfs/install/fonts/type1/public/amsfonts/cm/cmmi10.pf
b></home/mikael/.miktex/texmfs/install/fonts/type1/public/amsfonts/cm/cmss10.pf
b></home/mikael/.miktex/texmfs/install/fonts/type1/public/amsfonts/cm/cmss12.pf
b>
Output written on MPF290819.pdf (26 pages, 439760 bytes).
PDF statistics:
 1016 PDF objects out of 1200 (max. 8388607)
 53 named destinations out of 1000 (max. 500000)
 158 words of extra memory for PDF output out of 10000 (max. 10000000)

